Aug 31, 2016 1:26:59 PM com.sun.jersey.api.core.PackagesResourceConfig init
INFO: Scanning for root resource and provider classes in the packages:
  com.picturestory.service.api
Aug 31, 2016 1:27:00 PM com.sun.jersey.api.core.ScanningResourceConfig logClasses
INFO: Root resource classes found:
  class com.picturestory.service.api.RegisterUser
  class com.picturestory.service.api.GetMainFeedBatch
  class com.picturestory.service.api.GetCommentDetailList
  class com.picturestory.service.api.AddStory
  class com.picturestory.service.api.GetStoriesForContent
  class com.picturestory.service.api.LikeStory
  class com.picturestory.service.api.GetPersonDetails
  class com.picturestory.service.api.GetMainFeed
  class com.picturestory.service.api.UserFeedBack
  class com.picturestory.service.api.Sample
  class com.picturestory.service.api.LikeContent
  class com.picturestory.service.api.DeleteComment
  class com.picturestory.service.api.GetContentByCategory
  class com.picturestory.service.api.GetPushNfData
  class com.picturestory.service.api.SendPushNotification
  class com.picturestory.service.api.GetUserDetails
  class com.picturestory.service.api.ShareContent
  class com.picturestory.service.api.GetContributorMail
  class com.picturestory.service.api.LinkFbIdUserId
  class com.picturestory.service.api.FollowPerson
  class com.picturestory.service.api.SetWallPaper
  class com.picturestory.service.api.GetUserTotalCount
  class com.picturestory.service.api.AddPushNotifsId
  class com.picturestory.service.api.GetWallPaper
  class com.picturestory.service.api.AddComment
  class com.picturestory.service.api.GetContentById
Aug 31, 2016 1:27:00 PM com.sun.jersey.api.core.ScanningResourceConfig init
INFO: No provider classes found.
Aug 31, 2016 1:27:01 PM com.sun.jersey.server.impl.application.WebApplicationImpl _initiate
INFO: Initiating Jersey application, version 'Jersey: 1.19 02/11/2015 03:25 AM'
Aug 31, 2016 1:27:02 PM com.sun.jersey.guice.spi.container.GuiceComponentProviderFactory getComponentProvider
INFO: Binding com.picturestory.service.api.SetWallPaper to GuiceInstantiatedComponentProvider
Aug 31, 2016 1:27:02 PM com.sun.jersey.guice.spi.container.GuiceComponentProviderFactory getComponentProvider
INFO: Binding com.picturestory.service.api.LikeStory to GuiceInstantiatedComponentProvider
Aug 31, 2016 1:27:02 PM com.sun.jersey.guice.spi.container.GuiceComponentProviderFactory getComponentProvider
INFO: Binding com.picturestory.service.api.GetPushNfData to GuiceInstantiatedComponentProvider
Aug 31, 2016 1:27:02 PM com.sun.jersey.guice.spi.container.GuiceComponentProviderFactory getComponentProvider
INFO: Binding com.picturestory.service.api.AddComment to GuiceInstantiatedComponentProvider
Aug 31, 2016 1:27:02 PM com.sun.jersey.guice.spi.container.GuiceComponentProviderFactory getComponentProvider
INFO: Binding com.picturestory.service.api.GetMainFeedBatch to GuiceInstantiatedComponentProvider
Aug 31, 2016 1:27:02 PM com.sun.jersey.guice.spi.container.GuiceComponentProviderFactory getComponentProvider
INFO: Binding com.picturestory.service.api.LikeContent to GuiceInstantiatedComponentProvider
Aug 31, 2016 1:27:02 PM com.sun.jersey.guice.spi.container.GuiceComponentProviderFactory getComponentProvider
INFO: Binding com.picturestory.service.api.ShareContent to GuiceInstantiatedComponentProvider
Aug 31, 2016 1:27:02 PM com.sun.jersey.guice.spi.container.GuiceComponentProviderFactory getComponentProvider
INFO: Binding com.picturestory.service.api.GetCommentDetailList to GuiceInstantiatedComponentProvider
Aug 31, 2016 1:27:02 PM com.sun.jersey.guice.spi.container.GuiceComponentProviderFactory getComponentProvider
INFO: Binding com.picturestory.service.api.GetMainFeed to GuiceInstantiatedComponentProvider
Aug 31, 2016 1:27:02 PM com.sun.jersey.guice.spi.container.GuiceComponentProviderFactory getComponentProvider
INFO: Binding com.picturestory.service.api.GetWallPaper to GuiceInstantiatedComponentProvider
Aug 31, 2016 1:27:02 PM com.sun.jersey.guice.spi.container.GuiceComponentProviderFactory getComponentProvider
INFO: Binding com.picturestory.service.api.FollowPerson to GuiceInstantiatedComponentProvider
Aug 31, 2016 1:27:02 PM com.sun.jersey.guice.spi.container.GuiceComponentProviderFactory getComponentProvider
INFO: Binding com.picturestory.service.api.GetUserTotalCount to GuiceInstantiatedComponentProvider
Aug 31, 2016 1:27:02 PM com.sun.jersey.guice.spi.container.GuiceComponentProviderFactory getComponentProvider
INFO: Binding com.picturestory.service.api.GetContentById to GuiceInstantiatedComponentProvider
Aug 31, 2016 1:27:02 PM com.sun.jersey.guice.spi.container.GuiceComponentProviderFactory getComponentProvider
INFO: Binding com.picturestory.service.api.GetContributorMail to GuiceInstantiatedComponentProvider
Aug 31, 2016 1:27:02 PM com.sun.jersey.guice.spi.container.GuiceComponentProviderFactory getComponentProvider
INFO: Binding com.picturestory.service.api.GetPersonDetails to GuiceInstantiatedComponentProvider
Aug 31, 2016 1:27:02 PM com.sun.jersey.guice.spi.container.GuiceComponentProviderFactory getComponentProvider
INFO: Binding com.picturestory.service.api.GetContentByCategory to GuiceInstantiatedComponentProvider
Aug 31, 2016 1:27:02 PM com.sun.jersey.guice.spi.container.GuiceComponentProviderFactory getComponentProvider
INFO: Binding com.picturestory.service.api.UserFeedBack to GuiceInstantiatedComponentProvider
Aug 31, 2016 1:27:02 PM com.sun.jersey.guice.spi.container.GuiceComponentProviderFactory getComponentProvider
INFO: Binding com.picturestory.service.api.DeleteComment to GuiceInstantiatedComponentProvider
Aug 31, 2016 1:27:02 PM com.sun.jersey.guice.spi.container.GuiceComponentProviderFactory getComponentProvider
INFO: Binding com.picturestory.service.api.GetUserDetails to GuiceInstantiatedComponentProvider
Aug 31, 2016 1:27:02 PM com.sun.jersey.guice.spi.container.GuiceComponentProviderFactory getComponentProvider
INFO: Binding com.picturestory.service.api.RegisterUser to GuiceInstantiatedComponentProvider
Aug 31, 2016 1:27:02 PM com.sun.jersey.guice.spi.container.GuiceComponentProviderFactory getComponentProvider
INFO: Binding com.picturestory.service.api.SendPushNotification to GuiceInstantiatedComponentProvider
Aug 31, 2016 1:27:02 PM com.sun.jersey.guice.spi.container.GuiceComponentProviderFactory getComponentProvider
INFO: Binding com.picturestory.service.api.AddPushNotifsId to GuiceInstantiatedComponentProvider
Aug 31, 2016 1:27:02 PM com.sun.jersey.guice.spi.container.GuiceComponentProviderFactory getComponentProvider
INFO: Binding com.picturestory.service.api.LinkFbIdUserId to GuiceInstantiatedComponentProvider
Aug 31, 2016 1:27:02 PM com.sun.jersey.guice.spi.container.GuiceComponentProviderFactory getComponentProvider
INFO: Binding com.picturestory.service.api.GetStoriesForContent to GuiceInstantiatedComponentProvider
Aug 31, 2016 1:27:02 PM com.sun.jersey.guice.spi.container.GuiceComponentProviderFactory getComponentProvider
INFO: Binding com.picturestory.service.api.AddStory to GuiceInstantiatedComponentProvider
Aug 31, 2016 1:27:02 PM org.glassfish.grizzly.http.server.NetworkListener start
INFO: Started listener bound to [localhost:4055]
Aug 31, 2016 1:27:02 PM org.glassfish.grizzly.http.server.HttpServer start
INFO: [HttpServer] Started.
server has started..
